Vivado Simulator v2021.2
Copyright 1986-1999, 2001-2021 Xilinx, Inc. All Rights Reserved.
Running: C:/Xilinx/Vivado/2021.2/bin/unwrapped/win64.o/xelab.exe --incr --debug typical --relax --mt 2 -L xil_defaultlib -L secureip --snapshot vga_toplevel_behav xil_defaultlib.vga_toplevel -log elaborate.log 
Using 2 slave threads.
Starting static elaboration
Completed static elaboration
Starting simulation data flow analysis
Completed simulation data flow analysis
Time Resolution for simulation is 1ps
Compiling package std.standard
Compiling package std.textio
Compiling package ieee.std_logic_1164
Compiling package ieee.numeric_std
Compiling package ieee.math_real
Compiling package unisim.vcomponents
Compiling package ieee.std_logic_arith
Compiling package ieee.std_logic_unsigned
Compiling architecture bufg_v of entity unisim.BUFG [bufg_default]
Compiling architecture behavioral_architecture of entity xil_defaultlib.system_clock_generation [\system_clock_generation(clk_div...]
Compiling architecture rtl of entity xil_defaultlib.vga_sync [vga_sync_default]
Compiling architecture behavioral of entity xil_defaultlib.vga_test_pattern [vga_test_pattern_default]
Compiling architecture testbench of entity xil_defaultlib.vga_toplevel
Built simulation snapshot vga_toplevel_behav
